TN:
SF:app.js
FN:37,(anonymous_0)
FN:38,(anonymous_1)
FNF:2
FNH:0
FNDA:0,(anonymous_0)
FNDA:0,(anonymous_1)
DA:1,5
DA:2,5
DA:3,5
DA:4,5
DA:6,5
DA:7,5
DA:8,5
DA:9,5
DA:10,5
DA:11,5
DA:12,5
DA:13,5
DA:14,5
DA:15,5
DA:16,5
DA:18,5
DA:20,5
DA:21,5
DA:22,5
DA:23,5
DA:25,5
DA:26,5
DA:27,5
DA:28,5
DA:29,5
DA:30,5
DA:31,5
DA:32,5
DA:33,5
DA:34,5
DA:35,5
DA:37,5
DA:38,5
DA:39,0
DA:40,0
DA:43,5
LF:36
LH:34
BRDA:21,0,0,5
BRDA:21,0,1,0
BRF:2
BRH:1
end_of_record
TN:
SF:__tests__\helpers.js
FN:10,makeToken
FN:17,authHeader
FNF:2
FNH:2
FNDA:26,makeToken
FNDA:26,authHeader
DA:1,3
DA:3,3
DA:11,26
DA:18,26
DA:21,3
LF:5
LH:5
BRDA:10,0,0,0
BRDA:10,1,0,0
BRDA:17,2,0,0
BRDA:17,3,0,0
BRF:4
BRH:0
end_of_record
TN:
SF:middleware\authMiddleware.js
FN:9,authMiddleware
FNF:1
FNH:1
FNDA:31,authMiddleware
DA:1,5
DA:2,5
DA:3,5
DA:4,5
DA:5,0
DA:6,0
DA:10,31
DA:11,31
DA:13,26
DA:14,26
DA:16,26
DA:17,26
DA:18,26
DA:21,26
DA:22,26
DA:23,26
DA:24,26
DA:26,26
DA:28,0
DA:32,5
LF:20
LH:17
BRDA:4,0,0,0
BRDA:4,0,1,5
BRDA:11,1,0,5
BRDA:11,1,1,26
BRDA:14,2,0,0
BRDA:14,2,1,26
BRDA:23,3,0,0
BRDA:23,3,1,26
BRF:8
BRH:5
end_of_record
TN:
SF:middleware\isModerator.js
FN:2,isModerator
FNF:1
FNH:1
FNDA:3,isModerator
DA:2,5
DA:3,3
DA:4,1
DA:6,2
LF:4
LH:4
BRDA:3,0,0,1
BRDA:3,0,1,2
BRDA:3,1,0,3
BRDA:3,1,1,3
BRDA:3,1,2,1
BRF:5
BRH:5
end_of_record
TN:
SF:routes\adminRoutes.js
FN:9,(anonymous_0)
FNF:1
FNH:0
FNDA:0,(anonymous_0)
DA:1,5
DA:2,5
DA:3,5
DA:4,5
DA:5,5
DA:6,5
DA:9,5
DA:10,0
DA:11,0
DA:12,0
DA:13,0
DA:14,0
DA:15,0
DA:17,0
DA:18,0
DA:22,5
LF:16
LH:8
BRDA:11,0,0,0
BRDA:11,0,1,0
BRDA:11,1,0,0
BRDA:11,1,1,0
BRDA:11,1,2,0
BRF:5
BRH:0
end_of_record
TN:
SF:routes\applications.js
FN:7,parseToArray
FN:10,(anonymous_1)
FN:22,notifyUser
FN:38,(anonymous_3)
FN:80,(anonymous_4)
FN:83,(anonymous_5)
FN:116,(anonymous_6)
FN:119,(anonymous_7)
FN:143,(anonymous_8)
FN:174,(anonymous_9)
FN:194,(anonymous_10)
FN:259,(anonymous_11)
FN:336,(anonymous_12)
FN:379,(anonymous_13)
FN:404,(anonymous_14)
FN:445,(anonymous_15)
FN:469,(anonymous_16)
FN:505,(anonymous_17)
FN:524,(anonymous_18)
FN:561,(anonymous_19)
FN:596,(anonymous_20)
FN:621,(anonymous_21)
FNF:22
FNH:5
FNDA:0,parseToArray
FNDA:0,(anonymous_1)
FNDA:1,notifyUser
FNDA:0,(anonymous_3)
FNDA:0,(anonymous_4)
FNDA:0,(anonymous_5)
FNDA:0,(anonymous_6)
FNDA:0,(anonymous_7)
FNDA:2,(anonymous_8)
FNDA:0,(anonymous_9)
FNDA:2,(anonymous_10)
FNDA:2,(anonymous_11)
FNDA:0,(anonymous_12)
FNDA:0,(anonymous_13)
FNDA:0,(anonymous_14)
FNDA:0,(anonymous_15)
FNDA:0,(anonymous_16)
FNDA:0,(anonymous_17)
FNDA:0,(anonymous_18)
FNDA:0,(anonymous_19)
FNDA:0,(anonymous_20)
FNDA:1,(anonymous_21)
DA:1,5
DA:2,5
DA:3,5
DA:4,5
DA:5,5
DA:8,0
DA:9,0
DA:10,0
DA:14,5
DA:23,1
DA:24,1
DA:25,1
DA:26,1
DA:31,0
DA:38,5
DA:39,0
DA:50,0
DA:52,0
DA:53,0
DA:55,0
DA:56,0
DA:58,0
DA:62,0
DA:64,0
DA:65,0
DA:80,0
DA:81,0
DA:82,0
DA:83,0
DA:85,0
DA:107,0
DA:116,0
DA:117,0
DA:118,0
DA:119,0
DA:121,0
DA:131,0
DA:132,0
DA:134,0
DA:135,0
DA:136,0
DA:143,5
DA:144,2
DA:145,2
DA:146,2
DA:163,2
DA:165,0
DA:166,0
DA:174,5
DA:175,0
DA:176,0
DA:184,0
DA:186,0
DA:187,0
DA:194,5
DA:195,2
DA:196,2
DA:197,2
DA:198,2
DA:200,2
DA:201,2
DA:211,2
DA:226,2
DA:244,2
DA:248,2
DA:249,1
DA:251,0
DA:252,0
DA:259,5
DA:260,2
DA:261,2
DA:263,2
DA:264,2
DA:266,2
DA:267,2
DA:268,2
DA:270,2
DA:271,2
DA:272,2
DA:273,1
DA:274,1
DA:278,1
DA:279,0
DA:280,0
DA:281,0
DA:282,0
DA:287,1
DA:291,1
DA:292,0
DA:295,0
DA:298,0
DA:304,1
DA:307,1
DA:308,0
DA:312,0
DA:313,0
DA:314,0
DA:326,1
DA:328,0
DA:329,0
DA:336,5
DA:337,0
DA:338,0
DA:339,0
DA:341,0
DA:342,0
DA:345,0
DA:346,0
DA:347,0
DA:348,0
DA:350,0
DA:353,0
DA:357,0
DA:358,0
DA:369,0
DA:371,0
DA:372,0
DA:379,5
DA:380,0
DA:381,0
DA:382,0
DA:383,0
DA:385,0
DA:386,0
DA:387,0
DA:388,0
DA:390,0
DA:394,0
DA:396,0
DA:397,0
DA:404,5
DA:405,0
DA:406,0
DA:407,0
DA:408,0
DA:410,0
DA:411,0
DA:413,0
DA:414,0
DA:415,0
DA:416,0
DA:419,0
DA:420,0
DA:423,0
DA:425,0
DA:431,0
DA:432,0
DA:435,0
DA:437,0
DA:438,0
DA:445,5
DA:446,0
DA:447,0
DA:448,0
DA:450,0
DA:451,0
DA:452,0
DA:453,0
DA:454,0
DA:455,0
DA:456,0
DA:458,0
DA:459,0
DA:461,0
DA:462,0
DA:469,5
DA:470,0
DA:471,0
DA:472,0
DA:473,0
DA:475,0
DA:477,0
DA:478,0
DA:479,0
DA:480,0
DA:481,0
DA:483,0
DA:490,0
DA:495,0
DA:497,0
DA:498,0
DA:505,5
DA:506,0
DA:507,0
DA:508,0
DA:509,0
DA:513,0
DA:515,0
DA:516,0
DA:524,5
DA:525,0
DA:526,0
DA:527,0
DA:528,0
DA:529,0
DA:530,0
DA:531,0
DA:532,0
DA:534,0
DA:539,0
DA:540,0
DA:545,0
DA:550,0
DA:552,0
DA:553,0
DA:561,5
DA:562,0
DA:563,0
DA:564,0
DA:565,0
DA:566,0
DA:567,0
DA:568,0
DA:569,0
DA:570,0
DA:571,0
DA:573,0
DA:574,0
DA:577,0
DA:579,0
DA:586,0
DA:588,0
DA:589,0
DA:596,5
DA:597,0
DA:598,0
DA:599,0
DA:600,0
DA:601,0
DA:602,0
DA:605,0
DA:606,0
DA:607,0
DA:609,0
DA:611,0
DA:613,0
DA:614,0
DA:621,5
DA:622,1
DA:623,1
DA:624,1
DA:626,1
DA:627,1
DA:628,1
DA:629,1
DA:631,1
DA:632,1
DA:633,0
DA:635,1
DA:636,1
DA:638,0
DA:639,0
DA:643,5
LF:253
LH:70
BRDA:8,0,0,0
BRDA:8,0,1,0
BRDA:9,1,0,0
BRDA:9,1,1,0
BRDA:25,2,0,0
BRDA:25,2,1,1
BRDA:52,3,0,0
BRDA:52,3,1,0
BRDA:52,4,0,0
BRDA:52,4,1,0
BRDA:60,5,0,0
BRDA:60,5,1,0
BRDA:64,6,0,0
BRDA:64,6,1,0
BRDA:80,7,0,0
BRDA:80,7,1,0
BRDA:80,7,2,0
BRDA:81,8,0,0
BRDA:81,8,1,0
BRDA:94,9,0,0
BRDA:94,9,1,0
BRDA:95,10,0,0
BRDA:95,10,1,0
BRDA:96,11,0,0
BRDA:96,11,1,0
BRDA:97,12,0,0
BRDA:97,12,1,0
BRDA:97,13,0,0
BRDA:97,13,1,0
BRDA:98,14,0,0
BRDA:98,14,1,0
BRDA:98,15,0,0
BRDA:98,15,1,0
BRDA:98,16,0,0
BRDA:98,16,1,0
BRDA:99,17,0,0
BRDA:99,17,1,0
BRDA:99,18,0,0
BRDA:99,18,1,0
BRDA:100,19,0,0
BRDA:100,19,1,0
BRDA:101,20,0,0
BRDA:101,20,1,0
BRDA:102,21,0,0
BRDA:102,21,1,0
BRDA:103,22,0,0
BRDA:103,22,1,0
BRDA:103,23,0,0
BRDA:103,23,1,0
BRDA:117,24,0,0
BRDA:117,24,1,0
BRDA:127,25,0,0
BRDA:127,25,1,0
BRDA:198,26,0,0
BRDA:198,26,1,2
BRDA:244,27,0,0
BRDA:244,27,1,2
BRDA:244,28,0,2
BRDA:244,28,1,2
BRDA:248,29,0,1
BRDA:248,29,1,1
BRDA:263,30,0,0
BRDA:263,30,1,2
BRDA:264,31,0,0
BRDA:264,31,1,2
BRDA:268,32,0,0
BRDA:268,32,1,2
BRDA:271,33,0,2
BRDA:271,33,1,1
BRDA:272,34,0,1
BRDA:272,34,1,1
BRDA:278,35,0,0
BRDA:278,35,1,1
BRDA:278,36,0,1
BRDA:278,36,1,0
BRDA:280,37,0,0
BRDA:280,37,1,0
BRDA:280,38,0,0
BRDA:280,38,1,0
BRDA:291,39,0,0
BRDA:291,39,1,1
BRDA:295,40,0,0
BRDA:295,40,1,0
BRDA:307,41,0,0
BRDA:307,41,1,1
BRDA:312,42,0,0
BRDA:312,42,1,0
BRDA:320,43,0,0
BRDA:320,43,1,0
BRDA:339,44,0,0
BRDA:339,44,1,0
BRDA:345,45,0,0
BRDA:345,45,1,0
BRDA:346,46,0,0
BRDA:346,46,1,0
BRDA:347,47,0,0
BRDA:347,47,1,0
BRDA:357,48,0,0
BRDA:357,48,1,0
BRDA:383,49,0,0
BRDA:383,49,1,0
BRDA:386,50,0,0
BRDA:386,50,1,0
BRDA:388,51,0,0
BRDA:388,51,1,0
BRDA:410,52,0,0
BRDA:410,52,1,0
BRDA:411,53,0,0
BRDA:411,53,1,0
BRDA:414,54,0,0
BRDA:414,54,1,0
BRDA:416,55,0,0
BRDA:416,55,1,0
BRDA:420,56,0,0
BRDA:420,56,1,0
BRDA:423,57,0,0
BRDA:423,57,1,0
BRDA:431,58,0,0
BRDA:431,58,1,0
BRDA:448,59,0,0
BRDA:448,59,1,0
BRDA:452,60,0,0
BRDA:452,60,1,0
BRDA:454,61,0,0
BRDA:454,61,1,0
BRDA:455,62,0,0
BRDA:455,62,1,0
BRDA:456,63,0,0
BRDA:456,63,1,0
BRDA:472,64,0,0
BRDA:472,64,1,0
BRDA:472,65,0,0
BRDA:472,65,1,0
BRDA:472,65,2,0
BRDA:477,66,0,0
BRDA:477,66,1,0
BRDA:479,67,0,0
BRDA:479,67,1,0
BRDA:481,68,0,0
BRDA:481,68,1,0
BRDA:507,69,0,0
BRDA:507,69,1,0
BRDA:526,70,0,0
BRDA:526,70,1,0
BRDA:529,71,0,0
BRDA:529,71,1,0
BRDA:530,72,0,0
BRDA:530,72,1,0
BRDA:532,73,0,0
BRDA:532,73,1,0
BRDA:532,74,0,0
BRDA:532,74,1,0
BRDA:539,75,0,0
BRDA:539,75,1,0
BRDA:564,76,0,0
BRDA:564,76,1,0
BRDA:564,77,0,0
BRDA:564,77,1,0
BRDA:568,78,0,0
BRDA:568,78,1,0
BRDA:569,79,0,0
BRDA:569,79,1,0
BRDA:571,80,0,0
BRDA:571,80,1,0
BRDA:571,81,0,0
BRDA:571,81,1,0
BRDA:574,82,0,0
BRDA:574,82,1,0
BRDA:576,83,0,0
BRDA:576,83,1,0
BRDA:577,84,0,0
BRDA:577,84,1,0
BRDA:599,85,0,0
BRDA:599,85,1,0
BRDA:599,86,0,0
BRDA:599,86,1,0
BRDA:605,87,0,0
BRDA:605,87,1,0
BRDA:606,88,0,0
BRDA:606,88,1,0
BRDA:624,89,0,0
BRDA:624,89,1,1
BRDA:628,90,0,0
BRDA:628,90,1,1
BRDA:629,91,0,0
BRDA:629,91,1,1
BRDA:632,92,0,0
BRDA:632,92,1,1
BRDA:632,93,0,1
BRDA:632,93,1,1
BRF:190
BRH:24
end_of_record
TN:
SF:routes\auth.js
FN:17,(anonymous_0)
FN:102,(anonymous_1)
FN:145,(anonymous_2)
FN:180,(anonymous_3)
FN:235,(anonymous_4)
FNF:5
FNH:2
FNDA:6,(anonymous_0)
FNDA:0,(anonymous_1)
FNDA:5,(anonymous_2)
FNDA:0,(anonymous_3)
FNDA:0,(anonymous_4)
DA:1,5
DA:2,5
DA:3,5
DA:4,5
DA:5,5
DA:6,5
DA:7,5
DA:8,5
DA:10,5
DA:11,5
DA:12,0
DA:13,0
DA:17,5
DA:18,6
DA:21,6
DA:22,1
DA:24,5
DA:25,1
DA:27,4
DA:28,1
DA:32,3
DA:33,3
DA:35,3
DA:36,3
DA:37,3
DA:38,1
DA:41,2
DA:42,2
DA:43,0
DA:46,2
DA:48,2
DA:54,2
DA:57,2
DA:58,2
DA:61,2
DA:64,2
DA:70,2
DA:84,2
DA:91,2
DA:93,2
DA:96,0
DA:97,0
DA:102,5
DA:103,0
DA:105,0
DA:106,0
DA:111,0
DA:113,0
DA:114,0
DA:117,0
DA:118,0
DA:122,0
DA:125,0
DA:128,0
DA:129,0
DA:132,0
DA:136,0
DA:139,0
DA:140,0
DA:145,5
DA:146,5
DA:148,5
DA:149,1
DA:152,4
DA:153,4
DA:154,4
DA:155,4
DA:157,3
DA:158,3
DA:160,2
DA:161,0
DA:164,2
DA:165,1
DA:168,1
DA:172,1
DA:174,0
DA:175,0
DA:180,5
DA:181,0
DA:182,0
DA:184,0
DA:185,0
DA:186,0
DA:188,0
DA:191,0
DA:192,0
DA:195,0
DA:198,0
DA:204,0
DA:218,0
DA:225,0
DA:226,0
DA:229,0
DA:230,0
DA:235,5
DA:236,0
DA:238,0
DA:239,0
DA:242,0
DA:243,0
DA:248,0
DA:250,0
DA:251,0
DA:254,0
DA:255,0
DA:258,0
DA:259,0
DA:261,0
DA:263,0
DA:265,0
DA:266,0
DA:270,5
LF:112
LH:56
BRDA:11,0,0,0
BRDA:11,0,1,5
BRDA:21,1,0,1
BRDA:21,1,1,5
BRDA:21,2,0,6
BRDA:21,2,1,6
BRDA:21,2,2,5
BRDA:21,2,3,5
BRDA:24,3,0,1
BRDA:24,3,1,4
BRDA:27,4,0,1
BRDA:27,4,1,3
BRDA:33,5,0,0
BRDA:33,5,1,3
BRDA:37,6,0,1
BRDA:37,6,1,2
BRDA:42,7,0,0
BRDA:42,7,1,2
BRDA:113,8,0,0
BRDA:113,8,1,0
BRDA:117,9,0,0
BRDA:117,9,1,0
BRDA:148,10,0,1
BRDA:148,10,1,4
BRDA:148,11,0,5
BRDA:148,11,1,5
BRDA:155,12,0,1
BRDA:155,12,1,3
BRDA:158,13,0,1
BRDA:158,13,1,2
BRDA:160,14,0,0
BRDA:160,14,1,2
BRDA:164,15,0,1
BRDA:164,15,1,1
BRDA:182,16,0,0
BRDA:182,16,1,0
BRDA:186,17,0,0
BRDA:186,17,1,0
BRDA:238,18,0,0
BRDA:238,18,1,0
BRDA:238,19,0,0
BRDA:238,19,1,0
BRDA:250,20,0,0
BRDA:250,20,1,0
BRDA:254,21,0,0
BRDA:254,21,1,0
BRF:46
BRH:26
end_of_record
TN:
SF:routes\cars.js
FN:8,(anonymous_0)
FN:14,(anonymous_1)
FN:61,(anonymous_2)
FN:62,(anonymous_3)
FN:63,(anonymous_4)
FN:64,(anonymous_5)
FN:65,(anonymous_6)
FN:66,(anonymous_7)
FN:75,(anonymous_8)
FN:155,(anonymous_9)
FN:169,(anonymous_10)
FN:187,(anonymous_11)
FN:244,(anonymous_12)
FN:311,(anonymous_13)
FNF:14
FNH:3
FNDA:0,(anonymous_0)
FNDA:1,(anonymous_1)
FNDA:0,(anonymous_2)
FNDA:0,(anonymous_3)
FNDA:0,(anonymous_4)
FNDA:0,(anonymous_5)
FNDA:0,(anonymous_6)
FNDA:0,(anonymous_7)
FNDA:0,(anonymous_8)
FNDA:2,(anonymous_9)
FNDA:2,(anonymous_10)
FNDA:0,(anonymous_11)
FNDA:0,(anonymous_12)
FNDA:0,(anonymous_13)
DA:1,5
DA:2,5
DA:3,5
DA:4,5
DA:5,5
DA:8,5
DA:9,0
DA:10,0
DA:14,5
DA:15,1
DA:17,1
DA:21,1
DA:27,1
DA:36,1
DA:41,1
DA:46,1
DA:51,1
DA:56,1
DA:60,1
DA:61,0
DA:62,0
DA:63,0
DA:64,0
DA:65,0
DA:66,0
DA:70,0
DA:71,0
DA:75,5
DA:86,0
DA:88,0
DA:89,0
DA:91,0
DA:92,0
DA:93,0
DA:95,0
DA:96,0
DA:97,0
DA:99,0
DA:100,0
DA:101,0
DA:103,0
DA:104,0
DA:105,0
DA:107,0
DA:108,0
DA:109,0
DA:111,0
DA:112,0
DA:113,0
DA:115,0
DA:116,0
DA:117,0
DA:119,0
DA:120,0
DA:121,0
DA:123,0
DA:124,0
DA:125,0
DA:127,0
DA:128,0
DA:129,0
DA:131,0
DA:132,0
DA:133,0
DA:135,0
DA:136,0
DA:137,0
DA:141,0
DA:142,0
DA:143,0
DA:145,0
DA:146,0
DA:147,0
DA:149,0
DA:150,0
DA:155,5
DA:156,2
DA:157,2
DA:158,2
DA:159,2
DA:160,1
DA:162,1
DA:164,0
DA:165,0
DA:169,5
DA:171,2
DA:172,2
DA:174,2
DA:175,2
DA:179,2
DA:181,0
DA:182,0
DA:187,5
DA:201,0
DA:203,0
DA:204,0
DA:236,0
DA:238,0
DA:239,0
DA:244,5
DA:245,0
DA:261,0
DA:263,0
DA:264,0
DA:299,0
DA:300,0
DA:303,0
DA:305,0
DA:306,0
DA:311,5
DA:312,0
DA:314,0
DA:315,0
DA:317,0
DA:318,0
DA:321,0
DA:323,0
DA:324,0
DA:329,5
LF:119
LH:35
BRDA:9,0,0,0
BRDA:9,0,1,0
BRDA:9,1,0,0
BRDA:9,1,1,0
BRDA:91,2,0,0
BRDA:91,2,1,0
BRDA:95,3,0,0
BRDA:95,3,1,0
BRDA:99,4,0,0
BRDA:99,4,1,0
BRDA:103,5,0,0
BRDA:103,5,1,0
BRDA:107,6,0,0
BRDA:107,6,1,0
BRDA:111,7,0,0
BRDA:111,7,1,0
BRDA:115,8,0,0
BRDA:115,8,1,0
BRDA:119,9,0,0
BRDA:119,9,1,0
BRDA:123,10,0,0
BRDA:123,10,1,0
BRDA:127,11,0,0
BRDA:127,11,1,0
BRDA:131,12,0,0
BRDA:131,12,1,0
BRDA:135,13,0,0
BRDA:135,13,1,0
BRDA:159,14,0,1
BRDA:159,14,1,1
BRDA:171,15,0,2
BRDA:171,15,1,2
BRDA:172,16,0,2
BRDA:172,16,1,2
BRDA:299,17,0,0
BRDA:299,17,1,0
BRDA:317,18,0,0
BRDA:317,18,1,0
BRF:38
BRH:6
end_of_record
TN:
SF:routes\chat.js
FN:70,getBotResponse
FN:72,(anonymous_1)
FN:75,(anonymous_2)
FN:85,extractUserId
FN:102,(anonymous_4)
FN:156,(anonymous_5)
FN:180,(anonymous_6)
FN:225,(anonymous_7)
FN:258,(anonymous_8)
FN:280,(anonymous_9)
FN:298,(anonymous_10)
FN:323,(anonymous_11)
FNF:12
FNH:0
FNDA:0,getBotResponse
FNDA:0,(anonymous_1)
FNDA:0,(anonymous_2)
FNDA:0,extractUserId
FNDA:0,(anonymous_4)
FNDA:0,(anonymous_5)
FNDA:0,(anonymous_6)
FNDA:0,(anonymous_7)
FNDA:0,(anonymous_8)
FNDA:0,(anonymous_9)
FNDA:0,(anonymous_10)
FNDA:0,(anonymous_11)
DA:1,5
DA:2,5
DA:3,5
DA:4,5
DA:5,5
DA:6,5
DA:7,5
DA:10,5
DA:63,5
DA:71,0
DA:72,0
DA:73,0
DA:74,0
DA:75,0
DA:76,0
DA:79,0
DA:86,0
DA:87,0
DA:88,0
DA:89,0
DA:90,0
DA:91,0
DA:93,0
DA:102,5
DA:103,0
DA:104,0
DA:105,0
DA:107,0
DA:108,0
DA:112,0
DA:113,0
DA:114,0
DA:116,0
DA:117,0
DA:119,0
DA:120,0
DA:121,0
DA:125,0
DA:130,0
DA:131,0
DA:135,0
DA:137,0
DA:140,0
DA:144,0
DA:148,0
DA:150,0
DA:151,0
DA:156,5
DA:157,0
DA:158,0
DA:159,0
DA:160,0
DA:162,0
DA:166,0
DA:167,0
DA:169,0
DA:173,0
DA:175,0
DA:178,0
DA:179,0
DA:180,0
DA:182,0
DA:183,0
DA:184,0
DA:185,0
DA:186,0
DA:187,0
DA:194,0
DA:202,0
DA:203,0
DA:204,0
DA:212,0
DA:216,0
DA:217,0
DA:219,0
DA:220,0
DA:225,5
DA:226,0
DA:227,0
DA:228,0
DA:230,0
DA:234,0
DA:236,0
DA:246,0
DA:248,0
DA:249,0
DA:258,5
DA:259,0
DA:260,0
DA:272,0
DA:274,0
DA:275,0
DA:280,5
DA:281,0
DA:282,0
DA:286,0
DA:290,0
DA:292,0
DA:293,0
DA:298,5
DA:299,0
DA:300,0
DA:301,0
DA:302,0
DA:304,0
DA:305,0
DA:307,0
DA:311,0
DA:315,0
DA:317,0
DA:318,0
DA:323,5
DA:324,0
DA:325,0
DA:329,0
DA:331,0
DA:332,0
DA:336,5
LF:118
LH:17
BRDA:72,0,0,0
BRDA:72,0,1,0
BRDA:75,1,0,0
BRDA:75,1,1,0
BRDA:76,2,0,0
BRDA:76,2,1,0
BRDA:76,3,0,0
BRDA:76,3,1,0
BRDA:79,4,0,0
BRDA:79,4,1,0
BRDA:88,5,0,0
BRDA:88,5,1,0
BRDA:91,6,0,0
BRDA:91,6,1,0
BRDA:107,7,0,0
BRDA:107,7,1,0
BRDA:112,8,0,0
BRDA:112,8,1,0
BRDA:114,9,0,0
BRDA:114,9,1,0
BRDA:117,10,0,0
BRDA:117,10,1,0
BRDA:119,11,0,0
BRDA:119,11,1,0
BRDA:119,12,0,0
BRDA:119,12,1,0
BRDA:137,13,0,0
BRDA:137,13,1,0
BRDA:159,14,0,0
BRDA:159,14,1,0
BRDA:159,15,0,0
BRDA:159,15,1,0
BRDA:166,16,0,0
BRDA:166,16,1,0
BRDA:178,17,0,0
BRDA:178,17,1,0
BRDA:183,18,0,0
BRDA:183,18,1,0
BRDA:183,19,0,0
BRDA:183,19,1,0
BRDA:184,20,0,0
BRDA:184,20,1,0
BRDA:189,21,0,0
BRDA:189,21,1,0
BRDA:196,22,0,0
BRDA:196,22,1,0
BRDA:203,23,0,0
BRDA:203,23,1,0
BRDA:228,24,0,0
BRDA:228,24,1,0
BRDA:234,25,0,0
BRDA:234,25,1,0
BRDA:236,26,0,0
BRDA:236,26,1,0
BRDA:301,27,0,0
BRDA:301,27,1,0
BRDA:301,28,0,0
BRDA:301,28,1,0
BRDA:305,29,0,0
BRDA:305,29,1,0
BRF:60
BRH:0
end_of_record
TN:
SF:routes\notifications.js
FN:7,(anonymous_0)
FN:27,(anonymous_1)
FN:41,(anonymous_2)
FN:51,(anonymous_3)
FN:60,(anonymous_4)
FNF:5
FNH:3
FNDA:2,(anonymous_0)
FNDA:2,(anonymous_1)
FNDA:0,(anonymous_2)
FNDA:0,(anonymous_3)
FNDA:2,(anonymous_4)
DA:1,5
DA:2,5
DA:3,5
DA:4,5
DA:7,5
DA:8,2
DA:9,2
DA:19,2
DA:21,0
DA:22,0
DA:27,5
DA:28,2
DA:29,2
DA:33,2
DA:35,0
DA:36,0
DA:41,5
DA:42,0
DA:43,0
DA:50,0
DA:51,0
DA:52,0
DA:54,0
DA:55,0
DA:60,5
DA:61,2
DA:62,2
DA:63,2
DA:64,1
DA:69,1
DA:74,2
DA:76,0
DA:77,0
DA:81,5
LF:34
LH:21
BRDA:63,0,0,1
BRDA:63,0,1,1
BRF:2
BRH:2
end_of_record
TN:
SF:routes\parts.js
FN:8,(anonymous_0)
FN:14,(anonymous_1)
FN:48,(anonymous_2)
FN:49,(anonymous_3)
FN:50,(anonymous_4)
FN:51,(anonymous_5)
FN:61,(anonymous_6)
FN:139,(anonymous_7)
FN:149,(anonymous_8)
FN:167,(anonymous_9)
FN:194,(anonymous_10)
FN:235,(anonymous_11)
FNF:12
FNH:0
FNDA:0,(anonymous_0)
FNDA:0,(anonymous_1)
FNDA:0,(anonymous_2)
FNDA:0,(anonymous_3)
FNDA:0,(anonymous_4)
FNDA:0,(anonymous_5)
FNDA:0,(anonymous_6)
FNDA:0,(anonymous_7)
FNDA:0,(anonymous_8)
FNDA:0,(anonymous_9)
FNDA:0,(anonymous_10)
FNDA:0,(anonymous_11)
DA:2,5
DA:3,5
DA:4,5
DA:5,5
DA:6,5
DA:8,5
DA:9,0
DA:10,0
DA:14,5
DA:15,0
DA:17,0
DA:19,0
DA:26,0
DA:35,0
DA:39,0
DA:43,0
DA:47,0
DA:48,0
DA:49,0
DA:50,0
DA:51,0
DA:55,0
DA:56,0
DA:61,5
DA:71,0
DA:73,0
DA:74,0
DA:76,0
DA:77,0
DA:78,0
DA:80,0
DA:81,0
DA:82,0
DA:84,0
DA:85,0
DA:86,0
DA:88,0
DA:89,0
DA:90,0
DA:92,0
DA:93,0
DA:94,0
DA:96,0
DA:97,0
DA:98,0
DA:100,0
DA:101,0
DA:102,0
DA:104,0
DA:105,0
DA:106,0
DA:110,0
DA:111,0
DA:113,0
DA:129,0
DA:130,0
DA:131,0
DA:133,0
DA:134,0
DA:139,5
DA:140,0
DA:141,0
DA:142,0
DA:144,0
DA:145,0
DA:149,5
DA:150,0
DA:152,0
DA:153,0
DA:155,0
DA:156,0
DA:159,0
DA:161,0
DA:162,0
DA:167,5
DA:177,0
DA:179,0
DA:180,0
DA:186,0
DA:188,0
DA:189,0
DA:194,5
DA:195,0
DA:205,0
DA:207,0
DA:208,0
DA:223,0
DA:224,0
DA:227,0
DA:229,0
DA:230,0
DA:235,5
DA:236,0
DA:238,0
DA:239,0
DA:241,0
DA:242,0
DA:245,0
DA:247,0
DA:248,0
DA:252,5
LF:101
LH:14
BRDA:9,0,0,0
BRDA:9,0,1,0
BRDA:9,1,0,0
BRDA:9,1,1,0
BRDA:76,2,0,0
BRDA:76,2,1,0
BRDA:80,3,0,0
BRDA:80,3,1,0
BRDA:84,4,0,0
BRDA:84,4,1,0
BRDA:88,5,0,0
BRDA:88,5,1,0
BRDA:92,6,0,0
BRDA:92,6,1,0
BRDA:96,7,0,0
BRDA:96,7,1,0
BRDA:100,8,0,0
BRDA:100,8,1,0
BRDA:104,9,0,0
BRDA:104,9,1,0
BRDA:155,10,0,0
BRDA:155,10,1,0
BRDA:223,11,0,0
BRDA:223,11,1,0
BRDA:241,12,0,0
BRDA:241,12,1,0
BRF:26
BRH:0
end_of_record
TN:
SF:routes\profile.js
FN:9,isValidEmail
FN:15,getUserById
FN:24,(anonymous_2)
FN:50,(anonymous_3)
FN:84,(anonymous_4)
FN:104,(anonymous_5)
FN:172,(anonymous_6)
FN:247,(anonymous_7)
FNF:8
FNH:0
FNDA:0,isValidEmail
FNDA:0,getUserById
FNDA:0,(anonymous_2)
FNDA:0,(anonymous_3)
FNDA:0,(anonymous_4)
FNDA:0,(anonymous_5)
FNDA:0,(anonymous_6)
FNDA:0,(anonymous_7)
DA:1,5
DA:2,5
DA:3,5
DA:4,5
DA:5,5
DA:6,5
DA:10,0
DA:11,0
DA:16,0
DA:20,0
DA:24,5
DA:25,0
DA:27,0
DA:32,0
DA:33,0
DA:36,0
DA:38,0
DA:39,0
DA:42,0
DA:44,0
DA:45,0
DA:50,5
DA:51,0
DA:52,0
DA:53,0
DA:56,0
DA:57,0
DA:59,0
DA:60,0
DA:62,0
DA:63,0
DA:66,0
DA:67,0
DA:69,0
DA:71,0
DA:76,0
DA:77,0
DA:79,0
DA:80,0
DA:84,5
DA:85,0
DA:86,0
DA:87,0
DA:89,0
DA:90,0
DA:93,0
DA:95,0
DA:96,0
DA:98,0
DA:99,0
DA:104,5
DA:105,0
DA:106,0
DA:107,0
DA:108,0
DA:110,0
DA:111,0
DA:114,0
DA:115,0
DA:118,0
DA:121,0
DA:128,0
DA:142,0
DA:159,0
DA:160,0
DA:166,0
DA:167,0
DA:172,5
DA:173,0
DA:174,0
DA:175,0
DA:178,0
DA:179,0
DA:181,0
DA:182,0
DA:185,0
DA:186,0
DA:187,0
DA:190,0
DA:191,0
DA:192,0
DA:196,0
DA:203,0
DA:204,0
DA:205,0
DA:208,0
DA:209,0
DA:213,0
DA:218,0
DA:219,0
DA:223,0
DA:229,0
DA:234,0
DA:235,0
DA:241,0
DA:242,0
DA:247,5
DA:248,0
DA:249,0
DA:250,0
DA:252,0
DA:253,0
DA:255,0
DA:256,0
DA:259,0
DA:260,0
DA:261,0
DA:264,0
DA:265,0
DA:266,0
DA:267,0
DA:270,0
DA:271,0
DA:273,0
DA:275,0
DA:277,0
DA:278,0
DA:282,5
LF:118
LH:13
BRDA:27,0,0,0
BRDA:27,0,1,0
BRDA:32,1,0,0
BRDA:32,1,1,0
BRDA:32,2,0,0
BRDA:32,2,1,0
BRDA:38,3,0,0
BRDA:38,3,1,0
BRDA:56,4,0,0
BRDA:56,4,1,0
BRDA:56,5,0,0
BRDA:56,5,1,0
BRDA:59,6,0,0
BRDA:59,6,1,0
BRDA:59,7,0,0
BRDA:59,7,1,0
BRDA:62,8,0,0
BRDA:62,8,1,0
BRDA:62,9,0,0
BRDA:62,9,1,0
BRDA:67,10,0,0
BRDA:67,10,1,0
BRDA:69,11,0,0
BRDA:69,11,1,0
BRDA:89,12,0,0
BRDA:89,12,1,0
BRDA:89,13,0,0
BRDA:89,13,1,0
BRDA:110,14,0,0
BRDA:110,14,1,0
BRDA:178,15,0,0
BRDA:178,15,1,0
BRDA:178,16,0,0
BRDA:178,16,1,0
BRDA:181,17,0,0
BRDA:181,17,1,0
BRDA:181,18,0,0
BRDA:181,18,1,0
BRDA:186,19,0,0
BRDA:186,19,1,0
BRDA:191,20,0,0
BRDA:191,20,1,0
BRDA:204,21,0,0
BRDA:204,21,1,0
BRDA:208,22,0,0
BRDA:208,22,1,0
BRDA:218,23,0,0
BRDA:218,23,1,0
BRDA:252,24,0,0
BRDA:252,24,1,0
BRDA:252,25,0,0
BRDA:252,25,1,0
BRDA:255,26,0,0
BRDA:255,26,1,0
BRDA:260,27,0,0
BRDA:260,27,1,0
BRDA:266,28,0,0
BRDA:266,28,1,0
BRF:58
BRH:0
end_of_record
TN:
SF:routes\supplier.js
FN:9,(anonymous_0)
FN:26,(anonymous_1)
FN:38,(anonymous_2)
FN:58,(anonymous_3)
FN:73,(anonymous_4)
FN:92,(anonymous_5)
FN:109,(anonymous_6)
FN:128,(anonymous_7)
FN:164,(anonymous_8)
FN:185,(anonymous_9)
FN:197,(anonymous_10)
FN:212,(anonymous_11)
FN:225,(anonymous_12)
FN:238,(anonymous_13)
FN:249,(anonymous_14)
FN:258,cancelPendingApplications
FN:287,(anonymous_16)
FN:294,(anonymous_17)
FN:313,(anonymous_18)
FNF:19
FNH:7
FNDA:7,(anonymous_0)
FNDA:5,(anonymous_1)
FNDA:1,(anonymous_2)
FNDA:2,(anonymous_3)
FNDA:0,(anonymous_4)
FNDA:0,(anonymous_5)
FNDA:2,(anonymous_6)
FNDA:0,(anonymous_7)
FNDA:1,(anonymous_8)
FNDA:3,(anonymous_9)
FNDA:0,(anonymous_10)
FNDA:0,(anonymous_11)
FNDA:0,(anonymous_12)
FNDA:0,(anonymous_13)
FNDA:0,(anonymous_14)
FNDA:0,cancelPendingApplications
FNDA:0,(anonymous_16)
FNDA:0,(anonymous_17)
FNDA:0,(anonymous_18)
DA:1,5
DA:2,5
DA:3,5
DA:4,5
DA:5,5
DA:9,5
DA:10,7
DA:11,7
DA:12,1
DA:15,6
DA:16,6
DA:17,6
DA:18,1
DA:20,0
DA:23,5
DA:26,5
DA:27,5
DA:28,5
DA:29,1
DA:30,4
DA:38,5
DA:39,1
DA:40,1
DA:45,1
DA:50,1
DA:52,0
DA:53,0
DA:58,5
DA:59,2
DA:60,2
DA:61,1
DA:62,1
DA:63,1
DA:68,1
DA:69,0
DA:73,5
DA:74,0
DA:75,0
DA:76,0
DA:77,0
DA:78,0
DA:79,0
DA:80,0
DA:87,0
DA:88,0
DA:92,5
DA:93,0
DA:94,0
DA:95,0
DA:96,0
DA:97,0
DA:98,0
DA:99,0
DA:104,0
DA:105,0
DA:109,5
DA:110,2
DA:111,2
DA:112,1
DA:113,1
DA:114,1
DA:119,1
DA:120,0
DA:128,5
DA:129,0
DA:130,0
DA:152,0
DA:154,0
DA:155,0
DA:164,5
DA:165,1
DA:166,1
DA:173,1
DA:180,1
DA:181,0
DA:185,5
DA:186,3
DA:187,3
DA:188,1
DA:189,2
DA:190,2
DA:191,2
DA:192,2
DA:193,0
DA:197,5
DA:198,0
DA:199,0
DA:203,0
DA:207,0
DA:208,0
DA:212,5
DA:213,0
DA:214,0
DA:215,0
DA:220,0
DA:221,0
DA:225,5
DA:226,0
DA:227,0
DA:228,0
DA:233,0
DA:234,0
DA:238,5
DA:239,0
DA:240,0
DA:244,0
DA:245,0
DA:249,5
DA:250,0
DA:251,0
DA:252,0
DA:253,0
DA:254,0
DA:260,0
DA:267,0
DA:270,0
DA:277,0
DA:278,0
DA:287,0
DA:290,0
DA:294,5
DA:295,0
DA:296,0
DA:297,0
DA:299,0
DA:300,0
DA:302,0
DA:303,0
DA:305,0
DA:307,0
DA:308,0
DA:313,5
DA:314,0
DA:315,0
DA:316,0
DA:318,0
DA:320,0
DA:321,0
DA:323,0
DA:325,0
DA:326,0
DA:330,5
LF:142
LH:62
BRDA:11,0,0,1
BRDA:11,0,1,6
BRDA:11,1,0,7
BRDA:11,1,1,1
BRDA:11,1,2,1
BRDA:17,2,0,1
BRDA:17,2,1,5
BRDA:28,3,0,1
BRDA:28,3,1,4
BRDA:28,4,0,5
BRDA:28,4,1,5
BRDA:60,5,0,1
BRDA:60,5,1,1
BRDA:60,6,0,2
BRDA:60,6,1,2
BRDA:60,6,2,1
BRDA:60,6,3,1
BRDA:60,6,4,1
BRDA:66,7,0,1
BRDA:66,7,1,1
BRDA:66,8,0,1
BRDA:66,8,1,1
BRDA:66,9,0,1
BRDA:66,9,1,1
BRDA:66,10,0,1
BRDA:66,10,1,1
BRDA:66,11,0,0
BRDA:66,11,1,1
BRDA:66,12,0,1
BRDA:66,12,1,1
BRDA:75,13,0,0
BRDA:75,13,1,0
BRDA:75,14,0,0
BRDA:75,14,1,0
BRDA:75,14,2,0
BRDA:75,14,3,0
BRDA:75,14,4,0
BRDA:79,15,0,0
BRDA:79,15,1,0
BRDA:84,16,0,0
BRDA:84,16,1,0
BRDA:84,17,0,0
BRDA:84,17,1,0
BRDA:84,18,0,0
BRDA:84,18,1,0
BRDA:84,19,0,0
BRDA:84,19,1,0
BRDA:85,20,0,0
BRDA:85,20,1,0
BRDA:85,21,0,0
BRDA:85,21,1,0
BRDA:94,22,0,0
BRDA:94,22,1,0
BRDA:94,23,0,0
BRDA:94,23,1,0
BRDA:98,24,0,0
BRDA:98,24,1,0
BRDA:102,25,0,0
BRDA:102,25,1,0
BRDA:102,26,0,0
BRDA:102,26,1,0
BRDA:102,27,0,0
BRDA:102,27,1,0
BRDA:102,28,0,0
BRDA:102,28,1,0
BRDA:102,29,0,0
BRDA:102,29,1,0
BRDA:102,30,0,0
BRDA:102,30,1,0
BRDA:111,31,0,1
BRDA:111,31,1,1
BRDA:111,32,0,2
BRDA:111,32,1,1
BRDA:117,33,0,1
BRDA:117,33,1,1
BRDA:117,34,0,1
BRDA:117,34,1,1
BRDA:117,35,0,1
BRDA:117,35,1,1
BRDA:117,36,0,1
BRDA:117,36,1,1
BRDA:117,37,0,0
BRDA:117,37,1,1
BRDA:117,38,0,1
BRDA:117,38,1,1
BRDA:187,39,0,1
BRDA:187,39,1,2
BRDA:187,40,0,3
BRDA:187,40,1,3
BRDA:187,40,2,3
BRDA:190,41,0,1
BRDA:190,41,1,1
BRDA:218,42,0,0
BRDA:218,42,1,0
BRDA:218,43,0,0
BRDA:218,43,1,0
BRDA:218,44,0,0
BRDA:218,44,1,0
BRDA:218,45,0,0
BRDA:218,45,1,0
BRDA:231,46,0,0
BRDA:231,46,1,0
BRDA:231,47,0,0
BRDA:231,47,1,0
BRDA:231,48,0,0
BRDA:231,48,1,0
BRDA:231,49,0,0
BRDA:231,49,1,0
BRDA:231,50,0,0
BRDA:231,50,1,0
BRDA:253,51,0,0
BRDA:253,51,1,0
BRDA:267,52,0,0
BRDA:267,52,1,0
BRDA:297,53,0,0
BRDA:297,53,1,0
BRDA:316,54,0,0
BRDA:316,54,1,0
BRDA:318,55,0,0
BRDA:318,55,1,0
BRF:120
BRH:51
end_of_record
TN:
SF:routes\updateApplications.js
FN:7,parseToArray
FN:10,(anonymous_1)
FN:14,(anonymous_2)
FNF:3
FNH:0
FNDA:0,parseToArray
FNDA:0,(anonymous_1)
FNDA:0,(anonymous_2)
DA:1,5
DA:2,5
DA:3,5
DA:4,5
DA:8,0
DA:9,0
DA:10,0
DA:14,5
DA:15,0
DA:16,0
DA:43,0
DA:45,0
DA:47,0
DA:48,0
DA:50,0
DA:51,0
DA:54,0
DA:55,0
DA:58,0
DA:60,0
DA:63,0
DA:68,0
DA:70,0
DA:71,0
DA:72,0
DA:73,0
DA:74,0
DA:75,0
DA:76,0
DA:78,0
DA:98,0
DA:116,0
DA:117,0
DA:130,0
DA:143,0
DA:145,0
DA:147,0
DA:148,0
DA:149,0
DA:153,5
LF:40
LH:6
BRDA:8,0,0,0
BRDA:8,0,1,0
BRDA:9,1,0,0
BRDA:9,1,1,0
BRDA:50,2,0,0
BRDA:50,2,1,0
BRDA:54,3,0,0
BRDA:54,3,1,0
BRDA:70,4,0,0
BRDA:70,4,1,0
BRDA:99,5,0,0
BRDA:99,5,1,0
BRDA:100,6,0,0
BRDA:100,6,1,0
BRDA:101,7,0,0
BRDA:101,7,1,0
BRDA:102,8,0,0
BRDA:102,8,1,0
BRDA:103,9,0,0
BRDA:103,9,1,0
BRDA:104,10,0,0
BRDA:104,10,1,0
BRDA:105,11,0,0
BRDA:105,11,1,0
BRDA:106,12,0,0
BRDA:106,12,1,0
BRDA:107,13,0,0
BRDA:107,13,1,0
BRDA:108,14,0,0
BRDA:108,14,1,0
BRDA:109,15,0,0
BRDA:109,15,1,0
BRDA:110,16,0,0
BRDA:110,16,1,0
BRDA:111,17,0,0
BRDA:111,17,1,0
BRDA:112,18,0,0
BRDA:112,18,1,0
BRDA:113,19,0,0
BRDA:113,19,1,0
BRDA:116,20,0,0
BRDA:116,20,1,0
BRDA:131,21,0,0
BRDA:131,21,1,0
BRDA:132,22,0,0
BRDA:132,22,1,0
BRDA:133,23,0,0
BRDA:133,23,1,0
BRDA:134,24,0,0
BRDA:134,24,1,0
BRDA:135,25,0,0
BRDA:135,25,1,0
BRDA:136,26,0,0
BRDA:136,26,1,0
BRDA:137,27,0,0
BRDA:137,27,1,0
BRDA:138,28,0,0
BRDA:138,28,1,0
BRF:58
BRH:0
end_of_record
TN:
SF:routes\upload.js
FN:9,createMulterStorage
FN:14,(anonymous_1)
FN:17,(anonymous_2)
FN:27,uploadMiddleware
FN:37,(anonymous_4)
FN:49,(anonymous_5)
FN:57,(anonymous_6)
FN:72,avatarUploadMiddleware
FN:77,(anonymous_8)
FN:86,(anonymous_9)
FNF:10
FNH:3
FNDA:6,createMulterStorage
FNDA:0,(anonymous_1)
FNDA:0,(anonymous_2)
FNDA:0,uploadMiddleware
FNDA:0,(anonymous_4)
FNDA:0,(anonymous_5)
FNDA:0,(anonymous_6)
FNDA:6,avatarUploadMiddleware
FNDA:0,(anonymous_8)
FNDA:6,(anonymous_9)
DA:1,5
DA:2,5
DA:3,5
DA:4,5
DA:5,5
DA:7,5
DA:10,6
DA:11,6
DA:13,6
DA:15,0
DA:18,0
DA:19,0
DA:20,0
DA:25,5
DA:28,0
DA:29,0
DA:30,0
DA:32,0
DA:34,0
DA:38,0
DA:39,0
DA:40,0
DA:41,0
DA:42,0
DA:44,0
DA:49,0
DA:50,0
DA:51,0
DA:53,0
DA:57,5
DA:58,0
DA:59,0
DA:62,0
DA:63,0
DA:65,0
DA:73,6
DA:74,6
DA:78,0
DA:79,0
DA:80,0
DA:81,0
DA:82,0
DA:86,6
DA:87,6
DA:88,6
DA:92,5
LF:46
LH:17
BRDA:11,0,0,0
BRDA:11,0,1,6
BRDA:29,1,0,0
BRDA:29,1,1,0
BRDA:29,2,0,0
BRDA:29,2,1,0
BRDA:41,3,0,0
BRDA:41,3,1,0
BRDA:41,4,0,0
BRDA:41,4,1,0
BRDA:50,5,0,0
BRDA:50,5,1,0
BRDA:58,6,0,0
BRDA:58,6,1,0
BRDA:81,7,0,0
BRDA:81,7,1,0
BRDA:81,8,0,0
BRDA:81,8,1,0
BRDA:87,9,0,0
BRDA:87,9,1,6
BRF:20
BRH:2
end_of_record
TN:
SF:utils\mailer.js
FN:15,(anonymous_0)
FN:23,sendMail
FNF:2
FNH:1
FNDA:1,(anonymous_0)
FNDA:0,sendMail
DA:1,3
DA:2,3
DA:4,3
DA:15,3
DA:16,1
DA:17,1
DA:24,0
DA:32,3
LF:8
LH:7
BRDA:16,0,0,0
BRDA:16,0,1,1
BRF:2
BRH:1
end_of_record
